-------------------------------------------------------------------------------
Test set: testRunners.TestRunner_AttaquerVillage
-------------------------------------------------------------------------------
Tests run: 1, Failures: 0, Errors: 1, Skipped: 0, Time elapsed: 0.002 s <<< FAILURE! - in testRunners.TestRunner_AttaquerVillage
testRunners.TestRunner_AttaquerVillage.initializationError  Time elapsed: 0.002 s  <<< ERROR!
cucumber.runtime.CucumberException: No backends were found. Please make sure you have a backend module on your CLASSPATH.

