<?xml version="1.0" encoding="UTF-8"?>
<testsuite xmlns:xsi="http://www.w3.org/2001/XMLSchema-instance" xsi:noNamespaceSchemaLocation="https://maven.apache.org/surefire/maven-surefire-plugin/xsd/surefire-test-report-3.0.xsd" version="3.0" name="Recuperer le nom du demon slayer sedentaire" time="0.422" tests="1" errors="0" skipped="0" failures="0">
  <properties>
[...]
</properties>
  <testcase name="Recuperer le nom" classname="Recuperer le nom du demon slayer sedentaire" time="0.422">
    <system-out><![CDATA[┌─────────────────────────────────────────────────────────────────────────────┐
│ Share your Cucumber Report with your team at https://reports.cucumber.io    │
│ Activate publishing with one of the following:                              │
│                                                                             │
│ src/test/resources/cucumber.properties:    cucumber.publish.enabled=true    │
│ Environment variable:                      CUCUMBER_PUBLISH_ENABLED=true    │
│ JUnit:                                     @CucumberOptions(publish = true) │
│                                                                             │
│ More information at https://reports.cucumber.io/docs/cucumber-jvm           │
│                                                                             │
│ To disable this message, add cucumber.publish.quiet=true to                 │
│ src/test/resources/cucumber.properties                                      │
└─────────────────────────────────────────────────────────────────────────────┘


Scenario: Recuperer le nom         # src/test/resources/dojo/AfficherNom.feature:7
  Given un demon slayer sedentaire # fusion.AfficherNomDemonSedentaireSteps.un_demon_slayer_sedentaire()
  When recupere son nom            # fusion.AfficherNomDemonSedentaireSteps.recupere_son_nom()
  Then son nom correspond bien     # fusion.AfficherNomDemonSedentaireSteps.son_nom_correspond_bien()
]]></system-out>
  </testcase>
</testsuite>